<?xml version="1.0" encoding="UTF-8"?>
<testsuite name="com.DateCalculatorTest" tests="1" skipped="0" failures="0" errors="0" timestamp="2020-04-30T10:25:07" hostname="Asafs-MacBook-Pro.local" time="0.001">
  <properties/>
  <testcase name="testCalculate" classname="com.DateCalculatorTest" time="0.001"/>
  <system-out><![CDATA[]]></system-out>
  <system-err><![CDATA[]]></system-err>
</testsuite>
