<?xml version="1.0" encoding="UTF-8"?>
<testsuite name="com.MainTest" tests="1" skipped="0" failures="0" errors="0" timestamp="2020-04-30T10:25:07" hostname="Asafs-MacBook-Pro.local" time="0.0">
  <properties/>
  <testcase name="testMain" classname="com.MainTest" time="0.0"/>
  <system-out><![CDATA[]]></system-out>
  <system-err><![CDATA[]]></system-err>
</testsuite>
