<?xml version="1.0" encoding="UTF-8"?>
<testsuite name="com.DateCalculatorTest" tests="2" skipped="0" failures="0" errors="0" timestamp="2020-05-04T10:02:58" hostname="Hunters-MacBook-Pro.local" time="0.001">
  <properties/>
  <testcase name="testAnother" classname="com.DateCalculatorTest" time="0.001"/>
  <testcase name="testCalculate" classname="com.DateCalculatorTest" time="0.0"/>
  <system-out><![CDATA[]]></system-out>
  <system-err><![CDATA[]]></system-err>
</testsuite>
